[18-Jan-2026 01:32:49 UTC] PHP Deprecated:  Constant GeminiLabs\BlackBar\Modules\E_STRICT is deprecated in /home/yiremivapa0778/web/20260118.instawp.dev/public_html/wp-content/plugins/blackbar/plugin/Modules/Console.php on line 13
[18-Jan-2026 01:32:49 UTC] PHP Deprecated:  Constant GeminiLabs\BlackBar\Modules\E_STRICT is deprecated in /home/yiremivapa0778/web/20260118.instawp.dev/public_html/wp-content/plugins/blackbar/plugin/Modules/Console.php on line 23
[18-Jan-2026 01:32:49 UTC] PHP Deprecated:  Constant E_STRICT is deprecated in /home/yiremivapa0778/web/20260118.instawp.dev/public_html/wp-content/plugins/blackbar/plugin/Application.php on line 70
[18-Jan-2026 01:32:49 UTC] PHP Deprecated:  Constant GeminiLabs\BlackBar\Modules\E_STRICT is deprecated in /home/yiremivapa0778/web/20260118.instawp.dev/public_html/wp-content/plugins/blackbar/plugin/Modules/Console.php on line 13
[18-Jan-2026 01:32:49 UTC] PHP Deprecated:  Constant GeminiLabs\BlackBar\Modules\E_STRICT is deprecated in /home/yiremivapa0778/web/20260118.instawp.dev/public_html/wp-content/plugins/blackbar/plugin/Modules/Console.php on line 23
[18-Jan-2026 01:32:49 UTC] PHP Deprecated:  Constant E_STRICT is deprecated in /home/yiremivapa0778/web/20260118.instawp.dev/public_html/wp-content/plugins/blackbar/plugin/Application.php on line 70
[18-Jan-2026 01:32:51 UTC] PHP Deprecated:  Constant GeminiLabs\BlackBar\Modules\E_STRICT is deprecated in /home/yiremivapa0778/web/20260118.instawp.dev/public_html/wp-content/plugins/blackbar/plugin/Modules/Console.php on line 13
[18-Jan-2026 01:32:51 UTC] PHP Deprecated:  Constant GeminiLabs\BlackBar\Modules\E_STRICT is deprecated in /home/yiremivapa0778/web/20260118.instawp.dev/public_html/wp-content/plugins/blackbar/plugin/Modules/Console.php on line 23
[18-Jan-2026 01:32:51 UTC] PHP Deprecated:  Constant E_STRICT is deprecated in /home/yiremivapa0778/web/20260118.instawp.dev/public_html/wp-content/plugins/blackbar/plugin/Application.php on line 70
[18-Jan-2026 01:32:59 UTC] PHP Deprecated:  Constant GeminiLabs\BlackBar\Modules\E_STRICT is deprecated in /home/yiremivapa0778/web/20260118.instawp.dev/public_html/wp-content/plugins/blackbar/plugin/Modules/Console.php on line 13
[18-Jan-2026 01:32:59 UTC] PHP Deprecated:  Constant GeminiLabs\BlackBar\Modules\E_STRICT is deprecated in /home/yiremivapa0778/web/20260118.instawp.dev/public_html/wp-content/plugins/blackbar/plugin/Modules/Console.php on line 23
[18-Jan-2026 01:32:59 UTC] PHP Deprecated:  Constant E_STRICT is deprecated in /home/yiremivapa0778/web/20260118.instawp.dev/public_html/wp-content/plugins/blackbar/plugin/Application.php on line 70
[18-Jan-2026 01:34:02 UTC] PHP Parse error:  syntax error, unexpected token "private" in /home/yiremivapa0778/web/20260118.instawp.dev/public_html/wp-content/plugins/my-tiny-stats/admin/class-mtdss-admin.php on line 161
[18-Jan-2026 01:36:44 UTC] PHP Deprecated:  Constant E_STRICT is deprecated in /home/yiremivapa0778/web/20260118.instawp.dev/public_html/wp-content/plugins/debug-bar/panels/class-debug-bar-php.php on line 59
[18-Jan-2026 01:36:44 UTC] PHP Deprecated:  Constant E_STRICT is deprecated in /home/yiremivapa0778/web/20260118.instawp.dev/public_html/wp-content/plugins/wp-file-manager/lib/php/elFinder.class.php on line 609
[18-Jan-2026 01:36:54 UTC] PHP Deprecated:  Constant E_STRICT is deprecated in /home/yiremivapa0778/web/20260118.instawp.dev/public_html/wp-content/plugins/debug-bar/panels/class-debug-bar-php.php on line 59
[18-Jan-2026 01:36:54 UTC] PHP Deprecated:  Constant E_STRICT is deprecated in /home/yiremivapa0778/web/20260118.instawp.dev/public_html/wp-content/plugins/wp-file-manager/lib/php/elFinder.class.php on line 609
[18-Jan-2026 01:37:00 UTC] PHP Deprecated:  Constant E_STRICT is deprecated in /home/yiremivapa0778/web/20260118.instawp.dev/public_html/wp-content/plugins/debug-bar/panels/class-debug-bar-php.php on line 59
[18-Jan-2026 01:37:00 UTC] PHP Deprecated:  Constant E_STRICT is deprecated in /home/yiremivapa0778/web/20260118.instawp.dev/public_html/wp-content/plugins/wp-file-manager/lib/php/elFinder.class.php on line 609
[18-Jan-2026 01:37:20 UTC] PHP Deprecated:  Constant E_STRICT is deprecated in /home/yiremivapa0778/web/20260118.instawp.dev/public_html/wp-content/plugins/debug-bar/panels/class-debug-bar-php.php on line 59
[18-Jan-2026 01:37:20 UTC] PHP Deprecated:  Constant E_STRICT is deprecated in /home/yiremivapa0778/web/20260118.instawp.dev/public_html/wp-content/plugins/wp-file-manager/lib/php/elFinder.class.php on line 609
[18-Jan-2026 01:37:42 UTC] PHP Deprecated:  Constant E_STRICT is deprecated in /home/yiremivapa0778/web/20260118.instawp.dev/public_html/wp-content/plugins/debug-bar/panels/class-debug-bar-php.php on line 59
[18-Jan-2026 01:37:42 UTC] PHP Deprecated:  Constant E_STRICT is deprecated in /home/yiremivapa0778/web/20260118.instawp.dev/public_html/wp-content/plugins/wp-file-manager/lib/php/elFinder.class.php on line 609
[18-Jan-2026 01:37:47 UTC] PHP Deprecated:  Constant E_STRICT is deprecated in /home/yiremivapa0778/web/20260118.instawp.dev/public_html/wp-content/plugins/debug-bar/panels/class-debug-bar-php.php on line 59
[18-Jan-2026 01:37:47 UTC] PHP Deprecated:  Constant E_STRICT is deprecated in /home/yiremivapa0778/web/20260118.instawp.dev/public_html/wp-content/plugins/wp-file-manager/lib/php/elFinder.class.php on line 609
